<?xml version="1.0" encoding="UTF-8"?>
<!-- Generated by org.testng.reporters.JUnitXMLReporter -->
<testsuite ignored="1" hostname="LAPTOP-IO7O6G3K" failures="0" tests="1" name="Default test" time="44.925" errors="0" timestamp="2022-11-03T20:10:25 IST">
  <testcase classname="test.VerifyAddToCartButton" name="verifyAdddingMultipleProductsToCart" time="1.031"/>
  <testcase classname="test.VerifyAddToCartButton" name="verifyAddToCartButton" time="0.0">
    <ignored/>
  </testcase> <!-- verifyAddToCartButton -->
</testsuite> <!-- Default test -->
