<?xml version="1.0" encoding="UTF-8"?>
<testng-results ignored="1" total="2" passed="1" failed="0" skipped="0">
  <reporter-output>
  </reporter-output>
  <suite started-at="2022-11-03T20:09:40 IST" name="Default suite" finished-at="2022-11-03T20:10:25 IST" duration-ms="44925">
    <groups>
    </groups>
    <test started-at="2022-11-03T20:09:40 IST" name="Default test" finished-at="2022-11-03T20:10:25 IST" duration-ms="44925">
      <class name="test.VerifyAddToCartButton">
        <test-method is-config="true" signature="configureReports()[pri:0, instance:test.VerifyAddToCartButton@b9b00e0]" started-at="2022-11-03T20:09:40 IST" name="configureReports" finished-at="2022-11-03T20:09:40 IST" duration-ms="219" status="PASS">
          <reporter-output>
          </reporter-output>
        </test-method> <!-- configureReports -->
        <test-method is-config="true" signature="lunchBrowser()[pri:0, instance:test.VerifyAddToCartButton@b9b00e0]" started-at="2022-11-03T20:09:40 IST" name="lunchBrowser" finished-at="2022-11-03T20:10:24 IST" duration-ms="43380" status="PASS">
          <reporter-output>
          </reporter-output>
        </test-method> <!-- lunchBrowser -->
        <test-method signature="verifyAdddingMultipleProductsToCart()[pri:0, instance:test.VerifyAddToCartButton@b9b00e0]" started-at="2022-11-03T20:10:24 IST" name="verifyAdddingMultipleProductsToCart" finished-at="2022-11-03T20:10:25 IST" duration-ms="1031" status="PASS">
          <reporter-output>
          </reporter-output>
        </test-method> <!-- verifyAdddingMultipleProductsToCart -->
        <test-method is-config="true" signature="getTestResults(org.testng.ITestResult)[pri:0, instance:test.VerifyAddToCartButton@b9b00e0]" started-at="2022-11-03T20:10:25 IST" name="getTestResults" finished-at="2022-11-03T20:10:25 IST" duration-ms="7" status="PASS">
          <params>
            <param index="0">
              <value>
                <![CDATA[[TestResult name=verifyAdddingMultipleProductsToCart status=SUCCESS method=VerifyAddToCartButton.verifyAdddingMultipleProductsToCart()[pri:0, instance:test.VerifyAddToCartButton@b9b00e0] output={null}]]]>
              </value>
            </param>
          </params>
          <reporter-output>
          </reporter-output>
        </test-method> <!-- getTestResults -->
        <test-method is-config="true" signature="publishResult()[pri:0, instance:test.VerifyAddToCartButton@b9b00e0]" started-at="2022-11-03T20:10:25 IST" name="publishResult" finished-at="2022-11-03T20:10:25 IST" duration-ms="260" status="PASS">
          <reporter-output>
          </reporter-output>
        </test-method> <!-- publishResult -->
      </class> <!-- test.VerifyAddToCartButton -->
    </test> <!-- Default test -->
  </suite> <!-- Default suite -->
</testng-results>
